Flow report for Gekkonidae
Thu Feb 20 10:25:19 2025
Quartus Prime Version 23.1std.1 Build 993 05/14/2024 SC Lite Edition


---------------------
; Table of Contents ;
---------------------
  1. Legal Notice
  2. Flow Summary
  3. Flow Settings
  4. Flow Non-Default Global Settings
  5. Flow Elapsed Time
  6. Flow OS Summary
  7. Flow Log
  8. Flow Messages
  9. Flow Suppressed Messages



----------------
; Legal Notice ;
----------------
Copyright (C) 2024  Intel Corporation. All rights reserved.
Your use of Intel Corporation's design tools, logic functions 
and other software and tools, and any partner logic 
functions, and any output files from any of the foregoing 
(including device programming or simulation files), and any 
associated documentation or information are expressly subject 
to the terms and conditions of the Intel Program License 
Subscription Agreement, the Intel Quartus Prime License Agreement,
the Intel FPGA IP License Agreement, or other applicable license
agreement, including, without limitation, that your use is for
the sole purpose of programming logic devices manufactured by
Intel and sold by Intel or its authorized distributors.  Please
refer to the applicable agreement for further details, at
https://fpgasoftware.intel.com/eula.



+----------------------------------------------------------------------------------+
; Flow Summary                                                                     ;
+---------------------------------+------------------------------------------------+
; Flow Status                     ; Successful - Thu Feb 20 10:25:19 2025          ;
; Quartus Prime Version           ; 23.1std.1 Build 993 05/14/2024 SC Lite Edition ;
; Revision Name                   ; Gekkonidae                                     ;
; Top-level Entity Name           ; fetch_unit                                     ;
; Family                          ; Cyclone V                                      ;
; Device                          ; 5CSEMA5F31C6                                   ;
; Timing Models                   ; Final                                          ;
; Logic utilization (in ALMs)     ; 33 / 32,070 ( < 1 % )                          ;
; Total registers                 ; 32                                             ;
; Total pins                      ; 100 / 457 ( 22 % )                             ;
; Total virtual pins              ; 0                                              ;
; Total block memory bits         ; 0 / 4,065,280 ( 0 % )                          ;
; Total DSP Blocks                ; 0 / 87 ( 0 % )                                 ;
; Total HSSI RX PCSs              ; 0                                              ;
; Total HSSI PMA RX Deserializers ; 0                                              ;
; Total HSSI TX PCSs              ; 0                                              ;
; Total HSSI PMA TX Serializers   ; 0                                              ;
; Total PLLs                      ; 0 / 6 ( 0 % )                                  ;
; Total DLLs                      ; 0 / 4 ( 0 % )                                  ;
+---------------------------------+------------------------------------------------+


+-----------------------------------------+
; Flow Settings                           ;
+-------------------+---------------------+
; Option            ; Setting             ;
+-------------------+---------------------+
; Start date & time ; 02/20/2025 10:24:35 ;
; Main task         ; Compilation         ;
; Revision Name     ; Gekkonidae          ;
+-------------------+---------------------+


+-------------------------------------------------------------------------------------------------------------------------------------------------+
; Flow Non-Default Global Settings                                                                                                                ;
+--------------------------------------+----------------------------------------+---------------+-------------+-----------------------------------+
; Assignment Name                      ; Value                                  ; Default Value ; Entity Name ; Section Id                        ;
+--------------------------------------+----------------------------------------+---------------+-------------+-----------------------------------+
; COMPILER_SIGNATURE_ID                ; 2543784148295.174005787517584          ; --            ; --          ; --                                ;
; EDA_DESIGN_INSTANCE_NAME             ; NA                                     ; --            ; --          ; tb_test                           ;
; EDA_DESIGN_INSTANCE_NAME             ; NA                                     ; --            ; --          ; tb_gekkonidae                     ;
; EDA_DESIGN_INSTANCE_NAME             ; NA                                     ; --            ; --          ; tb_data_mem                       ;
; EDA_DESIGN_INSTANCE_NAME             ; NA                                     ; --            ; --          ; tb_alu_decoder                    ;
; EDA_DESIGN_INSTANCE_NAME             ; NA                                     ; --            ; --          ; tb_main_decoder                   ;
; EDA_DESIGN_INSTANCE_NAME             ; NA                                     ; --            ; --          ; tb_full_decoder                   ;
; EDA_DESIGN_INSTANCE_NAME             ; NA                                     ; --            ; --          ; tb_rvpipeline                     ;
; EDA_DESIGN_INSTANCE_NAME             ; NA                                     ; --            ; --          ; tb_gekkonidae_new                 ;
; EDA_DESIGN_INSTANCE_NAME             ; NA                                     ; --            ; --          ; tb_test_concat                    ;
; EDA_DESIGN_INSTANCE_NAME             ; NA                                     ; --            ; --          ; tb_fetch                          ;
; EDA_GENERATE_FUNCTIONAL_NETLIST      ; Off                                    ; --            ; --          ; eda_board_design_timing           ;
; EDA_GENERATE_FUNCTIONAL_NETLIST      ; Off                                    ; --            ; --          ; eda_board_design_boundary_scan    ;
; EDA_GENERATE_FUNCTIONAL_NETLIST      ; Off                                    ; --            ; --          ; eda_board_design_signal_integrity ;
; EDA_GENERATE_FUNCTIONAL_NETLIST      ; Off                                    ; --            ; --          ; eda_board_design_symbol           ;
; EDA_NATIVELINK_SIMULATION_TEST_BENCH ; tb_rvpipeline                          ; --            ; --          ; eda_simulation                    ;
; EDA_OUTPUT_DATA_FORMAT               ; Verilog Hdl                            ; --            ; --          ; eda_simulation                    ;
; EDA_SIMULATION_TOOL                  ; QuestaSim (Verilog)                    ; <None>        ; --          ; --                                ;
; EDA_TEST_BENCH_ENABLE_STATUS         ; TEST_BENCH_MODE                        ; --            ; --          ; eda_simulation                    ;
; EDA_TEST_BENCH_FILE                  ; tb_gekkonidae.sv                       ; --            ; --          ; tb_test                           ;
; EDA_TEST_BENCH_FILE                  ; tb_gekkonidae.sv                       ; --            ; --          ; tb_gekkonidae                     ;
; EDA_TEST_BENCH_FILE                  ; tb_data_mem.sv                         ; --            ; --          ; tb_data_mem                       ;
; EDA_TEST_BENCH_FILE                  ; tb_alu_decoder.sv                      ; --            ; --          ; tb_alu_decoder                    ;
; EDA_TEST_BENCH_FILE                  ; tb_main_decoder.sv                     ; --            ; --          ; tb_main_decoder                   ;
; EDA_TEST_BENCH_FILE                  ; tb_full_decoder.sv                     ; --            ; --          ; tb_full_decoder                   ;
; EDA_TEST_BENCH_FILE                  ; tb_gekkonidae.sv                       ; --            ; --          ; tb_rvpipeline                     ;
; EDA_TEST_BENCH_FILE                  ; tb_gekkonidae_new.sv                   ; --            ; --          ; tb_gekkonidae_new                 ;
; EDA_TEST_BENCH_FILE                  ; tb_test_concat.sv                      ; --            ; --          ; tb_test_concat                    ;
; EDA_TEST_BENCH_FILE                  ; tb_gekkonidae.sv                       ; --            ; --          ; tb_fetch                          ;
; EDA_TEST_BENCH_MODULE_NAME           ; tb_test                                ; --            ; --          ; tb_test                           ;
; EDA_TEST_BENCH_MODULE_NAME           ; tb_gekkonidae                          ; --            ; --          ; tb_gekkonidae                     ;
; EDA_TEST_BENCH_MODULE_NAME           ; tb_data_mem                            ; --            ; --          ; tb_data_mem                       ;
; EDA_TEST_BENCH_MODULE_NAME           ; tb_alu_decoder                         ; --            ; --          ; tb_alu_decoder                    ;
; EDA_TEST_BENCH_MODULE_NAME           ; tb_main_decoder                        ; --            ; --          ; tb_main_decoder                   ;
; EDA_TEST_BENCH_MODULE_NAME           ; tb_full_decoder                        ; --            ; --          ; tb_full_decoder                   ;
; EDA_TEST_BENCH_MODULE_NAME           ; tb_rvpipeline                          ; --            ; --          ; tb_rvpipeline                     ;
; EDA_TEST_BENCH_MODULE_NAME           ; tb_gekkonidae_new                      ; --            ; --          ; tb_gekkonidae_new                 ;
; EDA_TEST_BENCH_MODULE_NAME           ; tb_test_concat                         ; --            ; --          ; tb_test_concat                    ;
; EDA_TEST_BENCH_MODULE_NAME           ; tb_fetch                               ; --            ; --          ; tb_fetch                          ;
; EDA_TEST_BENCH_NAME                  ; tb_fetch                               ; --            ; --          ; eda_simulation                    ;
; EDA_TEST_BENCH_NAME                  ; tb_test                                ; --            ; --          ; eda_simulation                    ;
; EDA_TEST_BENCH_NAME                  ; tb_rvpipeline                          ; --            ; --          ; eda_simulation                    ;
; EDA_TIME_SCALE                       ; 1 ps                                   ; --            ; --          ; eda_simulation                    ;
; MAX_CORE_JUNCTION_TEMP               ; 85                                     ; --            ; --          ; --                                ;
; MIN_CORE_JUNCTION_TEMP               ; 0                                      ; --            ; --          ; --                                ;
; NUM_PARALLEL_PROCESSORS              ; 16                                     ; --            ; --          ; --                                ;
; PARTITION_COLOR                      ; -- (Not supported for targeted family) ; --            ; fetch_unit  ; Top                               ;
; PARTITION_FITTER_PRESERVATION_LEVEL  ; -- (Not supported for targeted family) ; --            ; fetch_unit  ; Top                               ;
; PARTITION_NETLIST_TYPE               ; -- (Not supported for targeted family) ; --            ; fetch_unit  ; Top                               ;
; POWER_BOARD_THERMAL_MODEL            ; None (CONSERVATIVE)                    ; --            ; --          ; --                                ;
; POWER_PRESET_COOLING_SOLUTION        ; 23 MM HEAT SINK WITH 200 LFPM AIRFLOW  ; --            ; --          ; --                                ;
; PROJECT_OUTPUT_DIRECTORY             ; output_files                           ; --            ; --          ; --                                ;
; TOP_LEVEL_ENTITY                     ; fetch_unit                             ; Gekkonidae    ; --          ; --                                ;
+--------------------------------------+----------------------------------------+---------------+-------------+-----------------------------------+


+--------------------------------------------------------------------------------------------------------------------------+
; Flow Elapsed Time                                                                                                        ;
+----------------------+--------------+-------------------------+---------------------+------------------------------------+
; Module Name          ; Elapsed Time ; Average Processors Used ; Peak Virtual Memory ; Total CPU Time (on all processors) ;
+----------------------+--------------+-------------------------+---------------------+------------------------------------+
; Analysis & Synthesis ; 00:00:06     ; 1.0                     ; 4874 MB             ; 00:00:14                           ;
; Fitter               ; 00:00:26     ; 1.0                     ; 8034 MB             ; 00:01:41                           ;
; Assembler            ; 00:00:04     ; 1.0                     ; 5216 MB             ; 00:00:04                           ;
; Timing Analyzer      ; 00:00:04     ; 1.2                     ; 5406 MB             ; 00:00:04                           ;
; EDA Netlist Writer   ; 00:00:00     ; 1.0                     ; 4744 MB             ; 00:00:01                           ;
; Total                ; 00:00:40     ; --                      ; --                  ; 00:02:04                           ;
+----------------------+--------------+-------------------------+---------------------+------------------------------------+


+------------------------------------------------------------------------------------+
; Flow OS Summary                                                                    ;
+----------------------+------------------+------------+------------+----------------+
; Module Name          ; Machine Hostname ; OS Name    ; OS Version ; Processor type ;
+----------------------+------------------+------------+------------+----------------+
; Analysis & Synthesis ; pcdaoragamer     ; Windows 10 ; 10.0       ; x86_64         ;
; Fitter               ; pcdaoragamer     ; Windows 10 ; 10.0       ; x86_64         ;
; Assembler            ; pcdaoragamer     ; Windows 10 ; 10.0       ; x86_64         ;
; Timing Analyzer      ; pcdaoragamer     ; Windows 10 ; 10.0       ; x86_64         ;
; EDA Netlist Writer   ; pcdaoragamer     ; Windows 10 ; 10.0       ; x86_64         ;
+----------------------+------------------+------------+------------+----------------+


------------
; Flow Log ;
------------
quartus_map --read_settings_files=on --write_settings_files=off Gekkonidae -c Gekkonidae
quartus_fit --read_settings_files=off --write_settings_files=off Gekkonidae -c Gekkonidae
quartus_asm --read_settings_files=off --write_settings_files=off Gekkonidae -c Gekkonidae
quartus_sta Gekkonidae -c Gekkonidae
quartus_eda --read_settings_files=off --write_settings_files=off Gekkonidae -c Gekkonidae



